[    0.000000] Initializing cgroup subsys cpuset
[    0.000000] Initializing cgroup subsys cpu
[    0.000000] Initializing cgroup subsys cpuacct
[    0.000000] Linux version 4.4.0-210-generic (buildd@lgw01-amd64-009) (gcc version 5.4.0 20160609 (Ubuntu 5.4.0-6ubuntu1~16.04.12) ) #242-Ubuntu SMP Fri Apr 16 09:57:56 UTC 2021 (Ubuntu 4.4.0-210.242-generic 4.4.262)
[    0.000000] Command line: BOOT_IMAGE=/boot/vmlinuz-4.4.0-210-generic root=LABEL=cloudimg-rootfs ro console=tty1 console=ttyS0
[    0.000000] KERNEL supported cpus:
[    0.000000]   Intel GenuineIntel
[    0.000000]   AMD AuthenticAMD
[    0.000000]   Centaur CentaurHauls
[    0.000000] x86/fpu: Legacy x87 FPU detected.
[    0.000000] e820: BIOS-provided physical RAM map:
[    0.000000] BIOS-e820: [mem 0x0000000000000000-0x000000000009fbff] usable
[    0.000000] BIOS-e820: [mem 0x000000000009fc00-0x000000000009ffff] reserved
[    0.000000] BIOS-e820: [mem 0x00000000000f0000-0x00000000000fffff] reserved
[    0.000000] BIOS-e820: [mem 0x0000000000100000-0x000000003ffeffff] usable
[    0.000000] BIOS-e820: [mem 0x000000003fff0000-0x000000003fffffff] ACPI data
[    0.000000] BIOS-e820: [mem 0x00000000fec00000-0x00000000fec00fff] reserved
[    0.000000] BIOS-e820: [mem 0x00000000fee00000-0x00000000fee00fff] reserved
[    0.000000] BIOS-e820: [mem 0x00000000fffc0000-0x00000000ffffffff] reserved
[    0.000000] NX (Execute Disable) protection: active
[    0.000000] SMBIOS 2.5 present.
[    0.000000] Hypervisor detected: KVM
[    0.000000] e820: last_pfn = 0x3fff0 max_arch_pfn = 0x400000000
[    0.000000] MTRR: Disabled
[    0.000000] x86/PAT: MTRRs disabled, skipping PAT initialization too.
[    0.000000] CPU MTRRs all blank - virtualized system.
[    0.000000] x86/PAT: Configuration [0-7]: WB  WT  UC- UC  WB  WT  UC- UC  
[    0.000000] found SMP MP-table at [mem 0x0009fff0-0x0009ffff] mapped at [ffff88000009fff0]
[    0.000000] Scanning 1 areas for low memory corruption
[    0.000000] RAMDISK: [mem 0x362dc000-0x37165fff]
[    0.000000] ACPI: Early table checksum verification disabled
[    0.000000] ACPI: RSDP 0x00000000000E0000 000024 (v02 VBOX  )
[    0.000000] ACPI: XSDT 0x000000003FFF0030 00003C (v01 VBOX   VBOXXSDT 00000001 ASL  00000061)
[    0.000000] ACPI: FACP 0x000000003FFF00F0 0000F4 (v04 VBOX   VBOXFACP 00000001 ASL  00000061)
[    0.000000] ACPI: DSDT 0x000000003FFF0470 002325 (v02 VBOX   VBOXBIOS 00000002 INTL 20100528)
[    0.000000] ACPI: FACS 0x000000003FFF0200 000040
[    0.000000] ACPI: FACS 0x000000003FFF0200 000040
[    0.000000] ACPI: APIC 0x000000003FFF0240 00005C (v02 VBOX   VBOXAPIC 00000001 ASL  00000061)
[    0.000000] ACPI: SSDT 0x000000003FFF02A0 0001CC (v01 VBOX   VBOXCPUT 00000002 INTL 20100528)
[    0.000000] No NUMA configuration found
[    0.000000] Faking a node at [mem 0x0000000000000000-0x000000003ffeffff]
[    0.000000] NODE_DATA(0) allocated [mem 0x3ffeb000-0x3ffeffff]
[    0.000000] kvm-clock: Using msrs 4b564d01 and 4b564d00
[    0.000000] kvm-clock: cpu 0, msr 0:3ffe3001, primary cpu clock
[    0.000000] kvm-clock: using sched offset of 4778334234 cycles
[    0.000000] clocksource: kvm-clock: mask: 0xffffffffffffffff max_cycles: 0x1cd42e4dffb, max_idle_ns: 881590591483 ns
[    0.000000] Zone ranges:
[    0.000000]   DMA      [mem 0x0000000000001000-0x0000000000ffffff]
[    0.000000]   DMA32    [mem 0x0000000001000000-0x000000003ffeffff]
[    0.000000]   Normal   empty
[    0.000000]   Device   empty
[    0.000000] Movable zone start for each node
[    0.000000] Early memory node ranges
[    0.000000]   node   0: [mem 0x0000000000001000-0x000000000009efff]
[    0.000000]   node   0: [mem 0x0000000000100000-0x000000003ffeffff]
[    0.000000] Initmem setup node 0 [mem 0x0000000000001000-0x000000003ffeffff]
[    0.000000] ACPI: PM-Timer IO Port: 0x4008
[    0.000000] IOAPIC[0]: apic_id 2, version 32, address 0xfec00000, GSI 0-23
[    0.000000] ACPI: INT_SRC_OVR (bus 0 bus_irq 0 global_irq 2 dfl dfl)
[    0.000000] ACPI: INT_SRC_OVR (bus 0 bus_irq 9 global_irq 9 low level)
[    0.000000] Using ACPI (MADT) for SMP configuration information
[    0.000000] smpboot: Allowing 2 CPUs, 0 hotplug CPUs
[    0.000000] PM: Registered nosave memory: [mem 0x00000000-0x00000fff]
[    0.000000] PM: Registered nosave memory: [mem 0x0009f000-0x0009ffff]
[    0.000000] PM: Registered nosave memory: [mem 0x000a0000-0x000effff]
[    0.000000] PM: Registered nosave memory: [mem 0x000f0000-0x000fffff]
[    0.000000] e820: [mem 0x40000000-0xfebfffff] available for PCI devices
[    0.000000] Booting paravirtualized kernel on KVM
[    0.000000] clocksource: refined-jiffies: mask: 0xffffffff max_cycles: 0xffffffff, max_idle_ns: 7645519600211568 ns
[    0.000000] setup_percpu: NR_CPUS:512 nr_cpumask_bits:512 nr_cpu_ids:2 nr_node_ids:1
[    0.000000] PERCPU: Embedded 33 pages/cpu @ffff88003fc00000 s95192 r8192 d31784 u1048576
[    0.000000] Built 1 zonelists in Node order, mobility grouping on.  Total pages: 257912
[    0.000000] Policy zone: DMA32
[    0.000000] Kernel command line: BOOT_IMAGE=/boot/vmlinuz-4.4.0-210-generic root=LABEL=cloudimg-rootfs ro console=tty1 console=ttyS0
[    0.000000] PID hash table entries: 4096 (order: 3, 32768 bytes)
[    0.000000] Memory: 997792K/1048120K available (8644K kernel code, 1332K rwdata, 4044K rodata, 1492K init, 1164K bss, 50328K reserved, 0K cma-reserved)
[    0.000000] SLUB: HWalign=64, Order=0-3, MinObjects=0, CPUs=2, Nodes=1
[    0.000000] Kernel/User page tables isolation: enabled
[    0.000000] Hierarchical RCU implementation.
[    0.000000] 	Build-time adjustment of leaf fanout to 64.
[    0.000000] 	RCU restricting CPUs from NR_CPUS=512 to nr_cpu_ids=2.
[    0.000000] RCU: Adjusting geometry for rcu_fanout_leaf=64, nr_cpu_ids=2
[    0.000000] NR_IRQS:33024 nr_irqs:440 16
[    0.000000] Console: colour VGA+ 80x25
[    0.000000] console [tty1] enabled
[    0.000000] console [ttyS0] enabled
[    0.000000] tsc: Detected 3191.998 MHz processor
[    0.797101] Calibrating delay loop (skipped) preset value.. 6383.99 BogoMIPS (lpj=12767992)
[    0.811469] pid_max: default: 32768 minimum: 301
[    0.817381] ACPI: Core revision 20150930
[    0.826398] ACPI: 2 ACPI AML tables successfully acquired and loaded
[    0.837604] Security Framework initialized
[    0.844789] Yama: becoming mindful.
[    0.849354] AppArmor: AppArmor initialized
[    0.856798] Dentry cache hash table entries: 131072 (order: 8, 1048576 bytes)
[    0.874135] Inode-cache hash table entries: 65536 (order: 7, 524288 bytes)
[    0.891139] Mount-cache hash table entries: 2048 (order: 2, 16384 bytes)
[    0.899287] Mountpoint-cache hash table entries: 2048 (order: 2, 16384 bytes)
[    0.910910] Initializing cgroup subsys io
[    0.916195] Initializing cgroup subsys memory
[    0.922403] Initializing cgroup subsys devices
[    0.930863] Initializing cgroup subsys freezer
[    0.941298] Initializing cgroup subsys net_cls
[    0.949848] Initializing cgroup subsys perf_event
[    0.960300] Initializing cgroup subsys net_prio
[    0.968928] Initializing cgroup subsys hugetlb
[    0.976877] Initializing cgroup subsys pids
[    0.986099] mce: CPU supports 0 MCE banks
[    0.994789] Last level iTLB entries: 4KB 128, 2MB 8, 4MB 8
[    1.007454] Last level dTLB entries: 4KB 64, 2MB 0, 4MB 0, 1GB 4
[    1.017709] Spectre V1 : Mitigation: usercopy/swapgs barriers and __user pointer sanitization
[    1.036323] Spectre V2 : Mitigation: Full generic retpoline
[    1.046173] Spectre V2 : Spectre v2 / SpectreRSB mitigation: Filling RSB on context switch
[    1.063489] Speculative Store Bypass: Vulnerable
[    1.071192] MDS: Mitigation: Clear CPU buffers
[    1.134624] Freeing SMP alternatives memory: 36K
[    1.258981] ftrace: allocating 32380 entries in 127 pages
[    2.064149] smpboot: APIC(0) Converting physical 0 to logical package 0
[    2.076919] smpboot: Max logical packages: 1
[    2.102525] ..TIMER: vector=0x30 apic1=0 pin1=2 apic2=-1 pin2=-1
[    2.219815] smpboot: CPU0: Intel(R) Core(TM) i5-6500 CPU @ 3.20GHz (family: 0x6, model: 0x5e, stepping: 0x3)
[    2.237641] Performance Events: unsupported p6 CPU model 94 no PMU driver, software events only.
[    2.373260] KVM setup paravirtual spinlock
[    2.382272] x86: Booting SMP configuration:
[    2.388526] .... node  #0, CPUs:      #1
[    2.396372] kvm-clock: cpu 1, msr 0:3ffe3041, secondary cpu clock
[    2.406061] mce: CPU supports 0 MCE banks
[    2.411522] TSC synchronization [CPU#0 -> CPU#1]:
[    2.418417] Measured 112993 cycles TSC warp between CPUs, turning off TSC clock.
[    2.428337] tsc: Marking TSC unstable due to check_tsc_sync_source failed
[    0.658821] x86: Booted up 1 node, 2 CPUs
[    0.660004] smpboot: Total of 2 processors activated (12767.99 BogoMIPS)
[    0.668734] devtmpfs: initialized
[    0.674273] evm: security.selinux
[    0.676012] evm: security.SMACK64
[    0.680003] evm: security.SMACK64EXEC
[    0.684002] evm: security.SMACK64TRANSMUTE
[    0.688005] evm: security.SMACK64MMAP
[    0.692002] evm: security.ima
[    0.696002] evm: security.capability
[    0.704281] clocksource: jiffies: mask: 0xffffffff max_cycles: 0xffffffff, max_idle_ns: 7645041785100000 ns
[    0.708018] futex hash table entries: 512 (order: 3, 32768 bytes)
[    0.716343] pinctrl core: initialized pinctrl subsystem
[    0.724395] RTC time: 23:35:16, date: 07/31/22
[    0.729055] NET: Registered protocol family 16
[    0.744007] cpuidle: using governor ladder
[    0.760008] cpuidle: using governor menu
[    0.764154] PCCT header not found.
[    0.768091] ACPI: bus type PCI registered
[    0.772004] acpiphp: ACPI Hot Plug PCI Controller Driver version: 0.5
[    0.776606] PCI: Using configuration type 1 for base access
[    0.796633] ACPI: Added _OSI(Module Device)
[    0.800008] ACPI: Added _OSI(Processor Device)
[    0.804004] ACPI: Added _OSI(3.0 _SCP Extensions)
[    0.808003] ACPI: Added _OSI(Processor Aggregator Device)
[    0.816349] ACPI: Executed 1 blocks of module-level executable AML code
[    0.828087] ACPI: Interpreter enabled
[    0.832013] ACPI: (supports S0 S5)
[    0.836004] ACPI: Using IOAPIC for interrupt routing
[    0.840431] PCI: Using host bridge windows from ACPI; if necessary, use "pci=nocrs" and report a bug
[    0.853492] ACPI: PCI Root Bridge [PCI0] (domain 0000 [bus 00-ff])
[    0.856015] acpi PNP0A03:00: _OSC: OS supports [ASPM ClockPM Segments MSI]
[    0.860819] acpi PNP0A03:00: _OSC: not requesting OS control; OS requires [ExtendedConfig ASPM ClockPM MSI]
[    0.864017] acpi PNP0A03:00: fail to add MMCONFIG information, can't access extended PCI configuration space under this bridge.
[    0.868907] PCI host bridge to bus 0000:00
[    0.872009] pci_bus 0000:00: root bus resource [io  0x0000-0x0cf7 window]
[    0.876007] pci_bus 0000:00: root bus resource [io  0x0d00-0xffff window]
[    0.880013] pci_bus 0000:00: root bus resource [mem 0x000a0000-0x000bffff window]
[    0.884008] pci_bus 0000:00: root bus resource [mem 0x40000000-0xfdffffff window]
[    0.888008] pci_bus 0000:00: root bus resource [bus 00-ff]
[    0.904055] pci 0000:00:01.1: legacy IDE quirk: reg 0x10: [io  0x01f0-0x01f7]
[    0.908008] pci 0000:00:01.1: legacy IDE quirk: reg 0x14: [io  0x03f6]
[    0.912004] pci 0000:00:01.1: legacy IDE quirk: reg 0x18: [io  0x0170-0x0177]
[    0.916008] pci 0000:00:01.1: legacy IDE quirk: reg 0x1c: [io  0x0376]
[    0.951254] pci 0000:00:07.0: quirk: [io  0x4000-0x403f] claimed by PIIX4 ACPI
[    0.952057] pci 0000:00:07.0: quirk: [io  0x4100-0x410f] claimed by PIIX4 SMB
[    0.970887] ACPI: PCI Interrupt Link [LNKA] (IRQs 5 9 10 *11)
[    0.980646] ACPI: PCI Interrupt Link [LNKB] (IRQs 5 9 *10 11)
[    0.988285] ACPI: PCI Interrupt Link [LNKC] (IRQs 5 *9 10 11)
[    0.998485] ACPI: PCI Interrupt Link [LNKD] (IRQs 5 9 10 *11)
[    1.004352] ACPI: Enabled 2 GPEs in block 00 to 07
[    1.012287] vgaarb: setting as boot device: PCI:0000:00:02.0
[    1.016000] vgaarb: device added: PCI:0000:00:02.0,decodes=io+mem,owns=io+mem,locks=none
[    1.016008] vgaarb: loaded
[    1.020003] vgaarb: bridge control possible 0000:00:02.0
[    1.024454] SCSI subsystem initialized
[    1.032196] ACPI: bus type USB registered
[    1.036044] usbcore: registered new interface driver usbfs
[    1.040035] usbcore: registered new interface driver hub
[    1.044025] usbcore: registered new device driver usb
[    1.048623] PCI: Using ACPI for IRQ routing
[    1.056467] NetLabel: Initializing
[    1.060003] NetLabel:  domain hash size = 128
[    1.064004] NetLabel:  protocols = UNLABELED CIPSOv4
[    1.068026] NetLabel:  unlabeled traffic allowed by default
[    1.076210] amd_nb: Cannot enumerate AMD northbridges
[    1.080280] clocksource: Switched to clocksource kvm-clock
[    1.099599] AppArmor: AppArmor Filesystem Enabled
[    1.099599] pnp: PnP ACPI init
[    1.099599] pnp: PnP ACPI: found 3 devices
[    1.189308] clocksource: acpi_pm: mask: 0xffffff max_cycles: 0xffffff, max_idle_ns: 2085701024 ns
[    1.192215] NET: Registered protocol family 2
[    1.206210] TCP established hash table entries: 8192 (order: 4, 65536 bytes)
[    1.214523] TCP bind hash table entries: 8192 (order: 5, 131072 bytes)
[    1.218012] TCP: Hash tables configured (established 8192 bind 8192)
[    1.218012] UDP hash table entries: 512 (order: 2, 16384 bytes)
[    1.218012] UDP-Lite hash table entries: 512 (order: 2, 16384 bytes)
[    1.218012] NET: Registered protocol family 1
[    1.218012] pci 0000:00:00.0: Limiting direct PCI/PCI transfers
[    1.218012] pci 0000:00:01.0: Activating ISA DMA hang workarounds
[    1.218012] Unpacking initramfs...
[    1.218012] Freeing initrd memory: 14888K
[    1.218012] clocksource: tsc: mask: 0xffffffffffffffff max_cycles: 0x2e02c314322, max_idle_ns: 440795292111 ns
[    1.218012] platform rtc_cmos: registered platform RTC device (no PNP device found)
[    1.218012] Scanning for low memory corruption every 60 seconds
[    1.719403] audit: initializing netlink subsys (disabled)
[    1.728569] audit: type=2000 audit(1659310521.773:1): initialized
[    1.742565] Initialise system trusted keyring
[    1.752612] HugeTLB registered 2 MB page size, pre-allocated 0 pages
[    1.763786] zbud: loaded
[    1.769382] VFS: Disk quotas dquot_6.6.0
[    1.775222] VFS: Dquot-cache hash table entries: 512 (order 0, 4096 bytes)
[    1.785931] squashfs: version 4.0 (2009/01/31) Phillip Lougher
[    1.795774] fuse init (API version 7.23)
[    1.802913] Key type big_key registered
[    1.808648] Allocating IMA MOK and blacklist keyrings.
[    1.833759] Key type asymmetric registered
[    1.839712] Asymmetric key parser 'x509' registered
[    1.846862] Block layer SCSI generic (bsg) driver version 0.4 loaded (major 249)
[    1.858026] io scheduler noop registered
[    1.863753] io scheduler deadline registered (default)
[    1.872524] io scheduler cfq registered
[    1.878320] pci_hotplug: PCI Hot Plug PCI Core version: 0.5
[    1.886581] pciehp: PCI Express Hot Plug Controller Driver version: 0.4
[    1.896377] ACPI: AC Adapter [AC] (on-line)
[    1.902881] input: Power Button as /devices/LNXSYSTM:00/LNXPWRBN:00/input/input0
[    1.913715] ACPI: Power Button [PWRF]
[    1.921788] input: Sleep Button as /devices/LNXSYSTM:00/LNXSLPBN:00/input/input1
[    1.935081] ACPI: Sleep Button [SLPF]
[    1.942213] GHES: HEST is not enabled!
[    1.948889] Serial: 8250/16550 driver, 32 ports, IRQ sharing enabled
[    1.985021] 00:02: ttyS0 at I/O 0x3f8 (irq = 4, base_baud = 115200) is a 16550A
[    2.020687] Linux agpgart interface v0.103
[    2.040848] loop: module loaded
[    2.050246] scsi host0: ata_piix
[    2.056385] scsi host1: ata_piix
[    2.060190] ata1: PATA max UDMA/33 cmd 0x1f0 ctl 0x3f6 bmdma 0xd000 irq 14
[    2.068814] ata2: PATA max UDMA/33 cmd 0x170 ctl 0x376 bmdma 0xd008 irq 15
[    2.076888] libphy: Fixed MDIO Bus: probed
[    2.082889] tun: Universal TUN/TAP device driver, 1.6
[    2.089064] tun: (C) 1999-2004 Max Krasnyansky <maxk@qualcomm.com>
[    2.097011] PPP generic driver version 2.4.2
[    2.103475] ehci_hcd: USB 2.0 'Enhanced' Host Controller (EHCI) Driver
[    2.110949] ehci-pci: EHCI PCI platform driver
[    2.117528] ehci-platform: EHCI generic platform driver
[    2.123648] ohci_hcd: USB 1.1 'Open' Host Controller (OHCI) Driver
[    2.131470] ohci-pci: OHCI PCI platform driver
[    2.137866] ohci-platform: OHCI generic platform driver
[    2.144028] uhci_hcd: USB Universal Host Controller Interface driver
[    2.152258] i8042: PNP: PS/2 Controller [PNP0303:PS2K,PNP0f03:PS2M] at 0x60,0x64 irq 1,12
[    2.167746] serio: i8042 KBD port at 0x60,0x64 irq 1
[    2.169380] serio: i8042 AUX port at 0x60,0x64 irq 12
[    2.180268] mousedev: PS/2 mouse device common for all mice
[    2.192944] rtc_cmos rtc_cmos: rtc core: registered rtc_cmos as rtc0
[    2.201973] input: AT Translated Set 2 keyboard as /devices/platform/i8042/serio0/input/input2
[    2.212745] rtc_cmos rtc_cmos: alarms up to one day, 114 bytes nvram
[    2.221373] i2c /dev entries driver
[    2.225669] device-mapper: uevent: version 1.0.3
[    2.231731] device-mapper: ioctl: 4.34.0-ioctl (2015-10-28) initialised: dm-devel@redhat.com
[    2.241794] ledtrig-cpu: registered to indicate activity on CPUs
[    2.272498] NET: Registered protocol family 10
[    2.278883] NET: Registered protocol family 17
[    2.286169] Key type dns_resolver registered
[    2.311856] registered taskstats version 1
[    2.317664] Loading compiled-in X.509 certificates
[    2.323974] Loaded X.509 cert 'Build time autogenerated kernel key: cf00e047681d67edb2720680708b7d9498083038'
[    2.337300] zswap: loaded using pool lzo/zbud
[    2.346394] Key type trusted registered
[    2.359588] Key type encrypted registered
[    2.364671] AppArmor: AppArmor sha1 policy hashing enabled
[    2.372564] ima: No TPM chip found, activating TPM-bypass!
[    2.380097] ima: Allocated hash algorithm: sha1
[    2.386430] evm: HMAC attrs: 0x1
[    2.392449]   Magic number: 14:806:606
[    2.398028] rtc_cmos rtc_cmos: setting system clock to 2022-07-31 23:35:18 UTC (1659310518)
[    2.408890] BIOS EDD facility v0.16 2004-Jun-25, 0 devices found
[    2.416305] EDD information not available.
[    2.423741] Freeing unused kernel memory: 1492K
[    2.444516] Write protecting the kernel read-only data: 14336k
[    2.453688] Freeing unused kernel memory: 1584K
[    2.459806] Freeing unused kernel memory: 52K
Loading, please wait...
starting version 229
[    2.500767] random: systemd-udevd: uninitialized urandom read (16 bytes read, 5 bits of entropy available)
[    2.501626] random: udevadm: uninitialized urandom read (16 bytes read, 5 bits of entropy available)
[    2.501641] random: udevadm: uninitialized urandom read (16 bytes read, 5 bits of entropy available)
[    2.513282] random: udevadm: uninitialized urandom read (16 bytes read, 5 bits of entropy available)
[    2.513320] random: udevadm: uninitialized urandom read (16 bytes read, 5 bits of entropy available)
[    2.513495] random: udevadm: uninitialized urandom read (16 bytes read, 5 bits of entropy available)
[    2.513541] random: udevadm: uninitialized urandom read (16 bytes read, 5 bits of entropy available)
[    2.513635] random: udevadm: uninitialized urandom read (16 bytes read, 5 bits of entropy available)
[    2.513721] random: udevadm: uninitialized urandom read (16 bytes read, 5 bits of entropy available)
[    2.513769] random: udevadm: uninitialized urandom read (16 bytes read, 5 bits of entropy available)
[    2.668907] e1000: Intel(R) PRO/1000 Network Driver - version 7.3.21-k8-NAPI
[    2.672081] e1000: Copyright (c) 1999-2006 Intel Corporation.
[    2.688527] Fusion MPT base driver 3.04.20
[    2.697461] Copyright (c) 1999-2008 LSI Corporation
[    2.755238] Fusion MPT SPI Host driver 3.04.20
[    2.985500] input: ImExPS/2 Generic Explorer Mouse as /devices/platform/i8042/serio1/input/input4
[    3.569847] e1000 0000:00:03.0 eth0: (PCI:33MHz:32-bit) 02:be:82:6b:cc:1d
[    3.580850] e1000 0000:00:03.0 eth0: Intel(R) PRO/1000 Network Connection
[    3.595395] mptbase: ioc0: Initiating bringup
[    3.671106] ioc0: LSI53C1030 A0: Capabilities={Initiator}
[    3.865419] scsi host2: ioc0: LSI53C1030 A0, FwRev=00000000h, Ports=1, MaxQ=256, IRQ=20
[    3.989798] scsi 2:0:0:0: Direct-Access     VBOX     HARDDISK         1.0  PQ: 0 ANSI: 5
[    4.002134] scsi target2:0:0: Beginning Domain Validation
[    4.019763] scsi target2:0:0: Domain Validation skipping write tests
[    4.028966] scsi target2:0:0: Ending Domain Validation
[    4.037707] scsi target2:0:0: asynchronous
[    4.052846] scsi 2:0:1:0: Direct-Access     VBOX     HARDDISK         1.0  PQ: 0 ANSI: 5
[    4.064267] scsi target2:0:1: Beginning Domain Validation
[    4.082087] scsi target2:0:1: Domain Validation skipping write tests
[    4.090314] scsi target2:0:1: Ending Domain Validation
[    4.097023] scsi target2:0:1: asynchronous
[    4.123703] sd 2:0:0:0: Attached scsi generic sg0 type 0
[    4.124165] sd 2:0:0:0: [sda] 83886080 512-byte logical blocks: (42.9 GB/40.0 GiB)
[    4.125058] sd 2:0:0:0: [sda] Write Protect is off
[    4.125607] sd 2:0:0:0: [sda] Incomplete mode parameter data
[    4.125608] sd 2:0:0:0: [sda] Assuming drive cache: write through
[    4.160472] sd 2:0:1:0: Attached scsi generic sg1 type 0
[    4.171205] sd 2:0:1:0: [sdb] 20480 512-byte logical blocks: (10.5 MB/10.0 MiB)
[    4.191126] sd 2:0:1:0: [sdb] Write Protect is off
[    4.198335] sd 2:0:1:0: [sdb] Incomplete mode parameter data
[    4.205852] sd 2:0:1:0: [sdb] Assuming drive cache: write through
[    4.216688]  sda: sda1
[    4.225053] sd 2:0:0:0: [sda] Attached SCSI disk
[    4.242890] sd 2:0:1:0: [sdb] Attached SCSI disk
[    4.841052] e1000 0000:00:08.0 eth1: (PCI:33MHz:32-bit) 08:00:27:6e:b2:a0
[    4.852158] e1000 0000:00:08.0 eth1: Intel(R) PRO/1000 Network Connection
[    4.864817] e1000 0000:00:03.0 enp0s3: renamed from eth0
[    4.885202] e1000 0000:00:08.0 enp0s8: renamed from eth1
Begin: Loading essential drivers ... [    6.692756] md: linear personality registered for level -1
[    6.706120] md: multipath personality registered for level -4
[    6.721524] md: raid0 personality registered for level 0
[    6.747249] md: raid1 personality registered for level 1
[  631.745802] INFO: rcu_sched detected stalls on CPUs/tasks:[  631.746350] raid6: sse2x1   gen() 116939489 MB/s

[  631.749730] 
[  631.749730] 	1-...: (3 ticks this GP) idle=dcb/140000000000000/0 softirq=915/915 fqs=2 
[  631.749730] 	(detected by 0, t=156247 jiffies, g=-159, c=-160, q=156)
[  631.749730] Task dump for CPU 1:
[  631.749730] modprobe        R  running task        0   233    219 0x00000008
[  631.749730]  ffffffffc00d5000 ffff880036f9fd30 ffffffff8185a350 ffff880036f9fea8
[  631.749730]  0000000000000001 0000000000000001 ffff880036f9fe98 ffffffff8111254c
[  631.749730]  ffffffffc00d5000 ffffffff8110e9d0 ffff880036f9fdd0 ffffffff81a1b030
[  631.749730] Call Trace:
[  631.749730]  [<ffffffff8185a350>] ? do_init_module+0x5f/0x1da
[  631.749730]  [<ffffffff8111254c>] ? load_module+0x171c/0x1c80
[  631.749730]  [<ffffffff8110e9d0>] ? __symbol_put+0x60/0x60
[  631.749730]  [<ffffffff81222b50>] ? kernel_read+0x50/0x80
[  631.749730]  [<ffffffff81112cf4>] ? SYSC_finit_module+0xb4/0xe0
[  631.749730]  [<ffffffff81112d3e>] ? SyS_finit_module+0xe/0x10
[  631.749730]  [<ffffffff8186bb5b>] ? entry_SYSCALL_64_fastpath+0x22/0xd0
[  631.749730] rcu_sched kthread starved for 156244 jiffies! g18446744073709551457 c18446744073709551456 f0x0 s3 ->state=0x1
[  632.766916] raid6: sse2x1   xor() 123195 MB/s
[  632.842518] raid6: sse2x2   gen() 14628 MB/s
[  633.756809] raid6: sse2x2   xor() 145308 MB/s
[  633.829485] raid6: sse2x4   gen() 14466 MB/s
[  633.904740] raid6: sse2x4   xor() 10262 MB/s
[  633.910799] raid6: using algorithm sse2x1 gen() 116939489 MB/s
[  633.918788] raid6: .... xor() 123195 MB/s, rmw enabled
[  633.926582] raid6: using ssse3x2 recovery algorithm
[  633.937495] xor: measuring software checksum speed
[  633.980109]    prefetch64-sse: 16794.000 MB/sec
[  634.026422]    generic_sse: 12935.000 MB/sec
[  634.032205] xor: using function: prefetch64-sse (16794.000 MB/sec)
[  634.042974] async_tx: api initialized (async)
[  634.100904] md: raid6 personality registered for level 6
[  634.108483] md: raid5 personality registered for level 5
[  634.115806] md: raid4 personality registered for level 4
[  634.146932] md: raid10 personality registered for level 10
done.
Begin: Running /scripts/init-premount ... done.
Begin: Mounting root file system ... Begin: Running /scripts/local-top ... done.
Begin: Running /scripts/local-premount ... [  634.263732] Btrfs loaded
Scanning for Btrfs filesystems
done.
Warning: fsck not present, so skipping root file system
[  634.463522] EXT4-fs (sda1): mounted filesystem with ordered data mode. Opts: (null)
done.
Begin: Running /scripts/local-bottom ... done.
Begin: Running /scripts/init-bottom ... done.
[  635.174401] random: nonblocking pool is initialized
[  635.483104] systemd[1]: systemd 229 running in system mode. (+PAM +AUDIT +SELINUX +IMA +APPARMOR +SMACK +SYSVINIT +UTMP +LIBCRYPTSETUP +GCRYPT +GNUTLS +ACL +XZ -LZ4 +SECCOMP +BLKID +ELFUTILS +KMOD -IDN)
[  635.507167] systemd[1]: Detected virtualization oracle.
[  635.514504] systemd[1]: Detected architecture x86-64.

Welcome to [1mUbuntu 16.04.7 LTS[0m!

[  635.560644] systemd[1]: Set hostname to <ubuntu>.
[  635.604354] systemd[1]: Initializing machine ID from random generator.
[  635.608103] systemd[1]: Installed transient /etc/machine-id file.
[  636.601279] systemd[1]: Reached target System Time Synchronized.
[[0;32m  OK  [0m] Reached target System Time Synchronized.
[  636.615904] systemd[1]: Listening on udev Control Socket.
[[0;32m  OK  [0m] Listening on udev Control Socket.
[  636.636761] systemd[1]: Listening on udev Kernel Socket.
[[0;32m  OK  [0m] Listening on udev Kernel Socket.
[  636.648000] systemd[1]: Reached target User and Group Name Lookups.
[[0;32m  OK  [0m] Reached target User and Group Name Lookups.
[  636.659607] systemd[1]: Listening on LVM2 metadata daemon socket.
[[0;32m  OK  [0m] Listening on LVM2 metadata daemon socket.
[  636.679682] systemd[1]: Listening on LVM2 poll daemon socket.
[[0;32m  OK  [0m] Listening on LVM2 poll daemon socket.
[  636.689977] systemd[1]: Reached target Encrypted Volumes.
[[0;32m  OK  [0m] Reached target Encrypted Volumes.
[  636.711679] systemd[1]: Listening on Journal Socket.
[[0;32m  OK  [0m] Listening on Journal Socket.
[  636.721610] systemd[1]: Started Trigger resolvconf update for networkd DNS.
[[0;32m  OK  [0m] Started Trigger resolvconf update for networkd DNS.
[  636.733746] systemd[1]: Listening on fsck to fsckd communication Socket.
[[0;32m  OK  [0m] Listening on fsck to fsckd communication Socket.
[  636.745963] systemd[1]: Listening on Journal Audit Socket.
[[0;32m  OK  [0m] Listening on Journal Audit Socket.
[  636.757169] systemd[1]: Listening on Syslog Socket.
[[0;32m  OK  [0m] Listening on Syslog Socket.
[  636.768770] systemd[1]: Created slice System Slice.
[[0;32m  OK  [0m] Created slice System Slice.
[  636.780853] systemd[1]: Created slice system-serial\x2dgetty.slice.
[[0;32m  OK  [0m] Created slice system-serial\x2dgetty.slice.
[  636.809132] systemd[1]: Starting Uncomplicated firewall...
         Starting Uncomplicated firewall...
[  636.821895] systemd[1]: Starting Set console keymap...
         Starting Set console keymap...
[  636.833592] systemd[1]: Starting Create list of required static device nodes for the current kernel...
         Starting Create list of required st... nodes for the current kernel...
[  636.858488] systemd[1]: Starting File System Check on Root Device...
         Starting File System Check on Root Device...
[  636.878249] systemd[1]: Mounting POSIX Message Queue File System...
         Mounting POSIX Message Queue File System...
[  636.892489] systemd[1]: Listening on Journal Socket (/dev/log).
[[0;32m  OK  [0m] Listening on Journal Socket (/dev/log).
[  636.904671] systemd[1]: Started Forward Password Requests to Wall Directory Watch.
[[0;32m  OK  [0m] Started Forward Password Requests to Wall Directory Watch.
[  636.919901] systemd[1]: Set up automount Arbitrary Executable File Formats File System Automount Point.
[[0;32m  OK  [0m] Set up automount Arbitrary Executab...ats File System Automount Point.
[  637.005209] systemd[1]: Listening on /dev/initctl Compatibility Named Pipe.
[[0;32m  OK  [0m] Listening on /dev/initctl Compatibility Named Pipe.
[  637.035020] systemd[1]: Mounting Debug File System...
         Mounting Debug File System...
[  637.050643] systemd[1]: Reached target Swap.
[[0;32m  OK  [0m] Reached target Swap.
[  637.088391] systemd[1]: Starting Load Kernel Modules...
         Starting Load Kernel Modules...
[  637.104546] systemd[1]: Mounting Huge Pages File System...
         Mounting Huge Pages File System...
[  637.129464] systemd[1]: Starting Nameserver information manager...
         Starting Nameserver information manager...
[  637.164714] systemd[1]: Starting Journal Service...
         Starting Journal Service...
[  637.179773] systemd[1]: Created slice User and Session Slice.
[[0;32m  OK  [0m] Created slice User and Session Slice.
[  637.196367] systemd[1]: Reached target Slices.
[[0;32m  OK  [0m] Reached target Slices.
[  637.223819] systemd[1]: Listening on Device-mapper event daemon FIFOs.
[[0;32m  OK  [0m] Listening on Device-mapper event daemon FIFOs.
[  637.252511] systemd[1]: Starting Monitoring of LVM2 mirrors, snapshots etc. using dmeventd or progress polling...
[  637.268982] Loading iSCSI transport class v2.0-870.
         Starting Monitoring of LVM2 mirrors... dmeventd or progress polling...
[  637.284871] systemd[1]: Mounted Huge Pages File System.
[[0;32m  OK  [0m] Mounted Huge Pages File System.
[  637.300018] systemd[1]: Mounted POSIX Message Queue File System.
[[0;32m  OK  [0m] Mounted POSIX Message Queue File System.
[  637.317849] systemd[1]: Mounted Debug File System.
[[0;32m  OK  [0m] Mounted Debug File System.
[  637.332125] systemd[1]: Started Uncomplicated firewall.
[[0;32m  OK  [0m] Started Uncomplicated firewall.
[  637.350563] systemd[1]: Started Set console keymap.
[[0;32m  OK  [0m] Started Set console keymap.
[  637.366238] iscsi: registered transport (tcp)
[  637.370668] systemd[1]: Started Create list of required static device nodes for the current kernel.
[[0;32m  OK  [0m] Started Create list of required sta...ce nodes for the current kernel.
[  637.395218] systemd[1]: Started File System Check on Root Device.
[[0;32m  OK  [0m] Started File System Check on Root Device.
[  637.431088] systemd[1]: Started File System Check Daemon to report status.
[[0;32m  OK  [0m] Started File System Check Daemon to report status.
[  637.452936] systemd[1]: Starting Remount Root and Kernel File Systems...
         Starting Remount Root and Kernel File Systems...
[  637.471866] systemd[1]: Starting Create Static Device Nodes in /dev...
         Starting Create Static Device Nodes in /dev...
[  637.487404] systemd[1]: Started Journal Service.
[[0;32m  OK  [0m] Started Journal Service.
[[0;32m  OK  [0m] Started Nameserver information manager.
[  637.510861] EXT4-fs (sda1): re-mounted. Opts: (null)
[[0;32m  OK  [0m] Started Remount Root and Kernel File Systems.
         Starting Load/Save Random Seed...
         Starting udev Coldplug all Devices...
         Starting Flush Journal to Persistent Storage...
[[0;32m  OK  [0m] Started udev Coldplug all Devices.
[  637.771630] systemd-journald[386]: Received request to flush runtime journal from PID 1
[[0;32m  OK  [0m] Started LVM2 metadata daemon.
[[0;32m  OK  [0m] Started Flush Journal to Persistent Storage.
[  637.846586] iscsi: registered transport (iser)
[[0;32m  OK  [0m] Started Load Kernel Modules.
         Mounting FUSE Control File System...
         Starting Apply Kernel Variables...
[[0;32m  OK  [0m] Mounted FUSE Control File System.
[[0;32m  OK  [0m] Started Load/Save Random Seed.
[[0;32m  OK  [0m] Started Apply Kernel Variables.
[[0;32m  OK  [0m] Started Create Static Device Nodes in /dev.
         Starting udev Kernel Device Manager...
[[0;32m  OK  [0m] Started Monitoring of LVM2 mirrors,...ng dmeventd or progress polling.
[[0;32m  OK  [0m] Reached target Local File Systems (Pre).
[[0;32m  OK  [0m] Reached target Local File Systems.
         Starting Set console font and keymap...
         Starting LSB: AppArmor initialization...
         Starting Initial cloud-init job (pre-networking)...
         Starting Tell Plymouth To Write Out Runtime Data...
         Starting Commit a transient machine-id on disk...
         Starting Create Volatile Files and Directories...
[[0;32m  OK  [0m] Started Commit a transient machine-id on disk.
[[0;32m  OK  [0m] Started Tell Plymouth To Write Out Runtime Data.
[[0;32m  OK  [0m] Started Create Volatile Files and Directories.
         Starting Update UTMP about System Boot/Shutdown...
[[0;32m  OK  [0m] Started Update UTMP about System Boot/Shutdown.
[[0;32m  OK  [0m] Started udev Kernel Device Manager.
[[0;32m  OK  [0m] Started Dispatch Password Requests to Console Directory Watch.
[[0;32m  OK  [0m] Started Set console font and keymap.
[[0;32m  OK  [0m] Created slice system-getty.slice.
[[0;32m  OK  [0m] Found device /dev/ttyS0.
[[0;32m  OK  [0m] Listening on Load/Save RF Kill Switch Status /dev/rfkill Watch.
[[0;32m  OK  [0m] Started LSB: AppArmor initialization.
         Starting Load AppArmor profiles managed internally by snapd...
[[0;32m  OK  [0m] Started Load AppArmor profiles managed internally by snapd.
[  644.283640] cloud-init[465]: Cloud-init v. 21.1-19-gbad84ad4-0ubuntu1~16.04.2 running 'init-local' at Sun, 31 Jul 2022 23:45:59 +0000. Up 643.51 seconds.
[[0;32m  OK  [0m] Started Initial cloud-init job (pre-networking).
[[0;32m  OK  [0m] Reached target Network (Pre).
         Starting Raise network interfaces...
[[0;32m  OK  [0m] Started Raise network interfaces.
[[0;32m  OK  [0m] Reached target Network.
         Starting Initial cloud-init job (metadata service crawler)...
[  648.275897] cloud-init[945]: Cloud-init v. 21.1-19-gbad84ad4-0ubuntu1~16.04.2 running 'init' at Sun, 31 Jul 2022 23:46:01 +0000. Up 645.12 seconds.
[  648.287554] cloud-init[945]: ci-info: ++++++++++++++++++++++++++++++++++++++Net device info+++++++++++++++++++++++++++++++++++++++
[  648.298396] cloud-init[945]: ci-info: +--------+-------+----------------------------+---------------+--------+-------------------+
[  648.309395] cloud-init[945]: [[0;32m  OK  [0m] Started Initial cloud-init job (metadata service crawler).
[[0;32m  OK  [0m] Reached target Cloud-config availability.
[[0;32m  OK  [0m] Reached target System Initialization.
[[0;32m  OK  [0m] Started Message of the Day.
ci-info: | Device |   Up  |          Address           |      Mask     | Scope  |     Hw-Address    |
[  648.330613] cloud-init[945]: ci-info: +--------+-------+----------------------------+---------------+--------+-------------------+
[  648.341602]          Starting LXD - unix socket.
         Starting Socket activation for snappy daemon.
[[0;32m  OK  [0m] Listening on UUID daemon activation socket.
cloud-init[[0;32m  OK  [0m] Started ACPI Events Check.
[[0;32m  OK  [0m] Reached target Paths.
[[0;32m  OK  [0m] Listening on D-Bus System Message Bus Socket.
[[0;32m  OK  [0m] Started Daily apt download activities.
[[0;32m  OK  [0m] Started Daily apt upgrade and clean activities.
[[0;32m  OK  [0m] Listening on ACPID Listen Socket.
[[0;32m  OK  [0m] Started Daily Cleanup of Temporary Directories.
[[0;32m  OK  [0m] Started Ubuntu Advantage update messaging.
[[0;32m  OK  [0m] Reached target Timers.
[[0;32m  OK  [0m] Reached target Network is Online.
[945]: ci-info: | enp0s3 |  True |         10.0.2.15          | 255.255.255.0 | global | 02:be:82:6b:cc:1d |
[  648.377676] cloud-init[945]: ci-info: | enp0s3 |  True | fe80::be:82ff:fe6b:cc1d/64 |       .       |  link  | 02:be:82:6b:cc:1d |         Starting iSCSI initiator daemon (iscsid)...
[[0;32m  OK  [0m] Listening on LXD - unix socket.
[[0;32m  OK  [0m] Listening on Socket activation for snappy daemon.
[[0;32m  OK  [0m] Reached target Sockets.
[[0;32m  OK  [0m] Reached target Basic System.
         Starting Login Service...
[[0;32m  OK  [0m] Started FUSE filesystem for LXC.
[[0;32m  OK  [0m] Started Regular background program processing daemon.

[  648.403584] cloud-init[945]: ci-info: | enp0s8 | False |             .              |       .       |   .    | 08:00:27:6e:b2:a0 |
[  648.414099] cloud-init[945]: ci-info: |   lo   |  True |         127.0.0.1          |   255.0.0.0   |  host  |         .         |
[[0;32m  OK  [0m] Started ACPI event daemon.
[  648.426459] cloud-init[945]: ci-info: |   lo   |  True |          ::1/128           |       .       |  host  |         .         |
[  648.435678] cloud-init[945]: ci-info: +--------+-------+----------------------------+---------------+--------+-------------------+
[  648.443869] cloud-init[945]: ci-info: +++++++++++++++++++++++++++Route IPv4 info++++++++++++++++++++++++++++
[  648.452389] cloud-init[945]: ci-info: +-------+-------------+----------+---------------+-----------+-------+[[0;32m  OK  [0m] Started D-Bus System Message Bus.

[  648.465398] cloud-init[945]: ci-info: | Route | Destination | Gateway  |    Genmask    | Interface | Flags |
[  648.475992] cloud-init[945]: ci-info: +-------+-------------+----------+---------------+-----------+-------+
[  648.487678] cloud-init[945]: ci-info: |   0   |   0.0.0.0   | 10.0.2.2 |    0.0.0.0    |   enp0s3  |   UG  |
[  648.498101] cloud-init[945]: ci-info: |   1   |   10.0.2.0  | 0.0.0.0  | 255.255.255.0 |   enp0s3  |   U   |
[  648.508733] cloud-init[945]: ci-info: +-------+-------------+----------+---------------+-----------+-------+
[  648.518482] cloud-init[945]: ci-info: +++++++++++++++++++Route IPv6 info+++++++++++++++++++
[  648.527904] cloud-init[945]: ci-info: +-------+-------------+---------+-----------+-------+
[  648.536800] cloud-init[945]: ci-info: | Route | Destination | Gateway | Interface | Flags |
[  648.546422] cloud-init[945]: ci-info: +-------+-------------+---------+-----------+-------+
[  648.555105] cloud-init[945]: ci-info: |   0   |  fe80::/64  |    ::   |   enp0s3  |   U   |
[  648.563869] cloud-init[945]: ci-info: |   3   |   ff00::/8  |    ::   |   enp0s3  |   U   |
[  648.574069] cloud-init[945]: ci-info: +-------+-------------+---------+-----------+-------+
[  648.583275] cloud-init[945]: Generating public/private rsa key pair.
[  648.591540] cloud-init[945]: Your identification has been saved in /etc/ssh/ssh_host_rsa_key.
[  648.601826] cloud-init[945]: Your public key has been saved in /etc/ssh/ssh_host_rsa_key.pub.
[  648.611120] cloud-init[945]: The key fingerprint is:
[  648.618836] cloud-init[945]: SHA256:tK5AgCEFAPOAbUUNcL3LmMx51NmHzmqaWjxYoTbtFCQ root@ubuntu-xenial
[  648.628469] cloud-init[945]: The key's randomart image is:
[  648.636300] cloud-init[945]: +---[RSA 2048]----+
[  648.643867] cloud-init[945]: |%+o+E+.          |
[  648.651850] cloud-init[945]: |o*o. oo          |
[  648.659916] cloud-init[945]: |..o   oo.o .     |
[  648.667996] cloud-init[945]: |   . oo+o.o .    |
[  648.676002] cloud-init[945]: |   o=*+.So .     |
[  648.683985] cloud-init[945]: |   o*B+.  o      |
[  648.692931] cloud-init[945]: |    o.= ..       |
[  648.700601] cloud-init[945]: |     o +o        |
[  648.708491] cloud-init[945]: |    ..+o         |
[  648.715473] cloud-init[945]: +----[SHA256]-----+
[  648.726096] cloud-init[945]: Generating public/private dsa key pair.
[  648.737185] cloud-init[945]: Your identification has been saved in /etc/ssh/ssh_host_dsa_key.
[  648.746344] cloud-init[945]: Your public key has been saved in /etc/ssh/ssh_host_dsa_key.pub.
[  648.758322] cloud-init[945]: The key fingerprint is:
[  648.768466] cloud-init[945]: SHA256:v48v0bsv8E7KxXyrUe0gOJVrC3/DwKKd2rEhEnIhaaA root@ubuntu-xenial
[  648.777096] cloud-init[945]: The key's randomart image is:
[  648.784758]          Starting /etc/rc.local Compatibility...
cloud-init         Starting Pollinate to seed the pseudo random number generator...
[[0;32m  OK  [0m] Started Deferred execution scheduler.
         Starting System Logging Service...
         Starting Virtualbox guest utils...
[945]: +---[DSA 1024]----+
[  648.807130] cloud-init         Starting Snap Daemon...
         Starting LSB: Record successful boot for GRUB...
         Starting Accounts Service...
         Starting LSB: MD monitoring daemon...
         Starting LXD - container startup/shutdown...
[945]: |  .              |[[0;32m  OK  [0m] Started /etc/rc.local Compatibility.

[  648.842018] cloud-init[945]: | . . .       .   |
[  648.850880] cloud-init[945]: |E   + .     o    |[[0;32m  OK  [0m] Started Login Service.

[  648.861153] cloud-init[945]: |   . . .   + . . |
[  648.866572] cloud-init[945]: |    . o S =.* o .|
[[0;32m  OK  [0m] Started Unattended Upgrades Shutdown.
[  648.871386] cloud-init[945]: |     o . +oX.* o |
[  648.886126] cloud-init[945]: |      . o *+O.= .|
[  648.895739] cloud-init[945]: [[0;32m  OK  [0m] Started iSCSI initiator daemon (iscsid).
|       . =.X++ o |
[  648.906645] cloud-init[945]: |        . B=*=o  |
[  648.914878] cloud-init[945]: +----[SHA256]-----+         Starting Login to default iSCSI targets...

[  648.925727] cloud-init[945]: Generating public/private ecdsa key pair.
[  648.938373] cloud-init[945]: Your identification has been saved in /etc/ssh/ssh_host_ecdsa_key.
[  648.948399] cloud-init[945]: Your public key has been saved in /etc/ssh/ssh_host_ecdsa_key.pub.
[  648.957466] cloud-init[945]: The key fingerprint is:
[  648.965522] cloud-init[945]: SHA256:a7v93HzBNEt9aw+v7XHFl3evqCN/201CEdBiWKjx2Us root@ubuntu-xenial
[  648.974158] cloud-init[945]: The key's randomart image is:
[  648.982793] cloud-init[945]: +---[ECDSA 256]---+
[  648.987170] cloud-init[945]: |           +oo.  |
[  648.991476] cloud-init[945]: |        . o o .. |
[  648.997110] cloud-init[945]: |         + + .. .|
[  649.001736] cloud-init[945]: |        . o E  *+|
[  649.006661] cloud-init[945]: |        S  . .=.@|
[  649.017992] cloud-init[945]: |         .  ...**|
[  649.022215] cloud-init[945]: |        o     o+*|
[  649.033251] cloud-init[945]: |       ..o...= **|
[  649.040691] cloud-init[945]: |        o++==.*++|
[  649.048204] cloud-init[945]: +----[SHA256]-----+
[  649.055403] cloud-init[945]: Generating public/private ed25519 key pair.
[  649.063656] cloud-init[945]: Your identification has been saved in /etc/ssh/ssh_host_ed25519_key.
[  649.072580] cloud-init[945]: Your public key has been saved in /etc/ssh/ssh_host_ed25519_key.pub.
[  649.081438] cloud-init[945]: The key fingerprint is:
[  649.094984] cloud-init[945]: SHA256:8PQe9uidjj15HzYdZH+ha9SSHEdADAOhjf+AtWF+fQA root@ubuntu-xenial
[  649.104606] cloud-init[945]: The key's randomart image is:
[  649.112682] cloud-init[945]: +--[ED25519 256]--+
[  649.121195] cloud-init[945]: |         ooE+o.. |
[  649.129394] cloud-init[945]: |        +   o..  |
[  649.136896] cloud-init[945]: |      .o.=   o = |
[  649.146014] cloud-init[945]: |       +*.o o X o|
[  649.163554] cloud-init[945]: |       .S=+. B +o|
[  649.172718] cloud-init[945]: |         o++. + +|
[  649.180270] cloud-init[945]: |          o..+ +.|
[  649.187813] cloud-init[945]: |         . ++.o o|
[  649.195833] cloud-init[945]: |          o.=o ..|
[  649.204689] cloud-init[945]: +----[SHA256]-----+
[[0;32m  OK  [0m] Started Login to default iSCSI targets.
[[0;32m  OK  [0m] Reached target Remote File Systems (Pre).
[[0;32m  OK  [0m] Reached target Remote File Systems.
         Starting Permit User Sessions...
         Starting LSB: Set the CPU Frequency Scaling governor to "ondemand"...
         Starting LSB: automatic crash report generation...
         Starting LSB: daemon to balance interrupts for SMP systems...
[[0;32m  OK  [0m] Started LSB: Record successful boot for GRUB.
[[0;32m  OK  [0m] Started LSB: Set the CPU Frequency Scaling governor to "ondemand".
[[0;32m  OK  [0m] Started LSB: MD monitoring daemon.
[[0;32m  OK  [0m] Started Permit User Sessions.
         Starting Terminate Plymouth Boot Screen...
         Starting Hold until boot process finishes up...
[[0;32m  OK  [0m] Started LSB: automatic crash report generation.
[[0;32m  OK  [0m] Started Terminate Plymouth Boot Screen.
[[0;32m  OK  [0m] Started Hold until boot process finishes up.
[[0;32m  OK  [0m] Started Getty on tty1.
         Starting Set console scheme...
[[0;32m  OK  [0m] Started Serial Getty on ttyS0.
[[0;32m  OK  [0m] Reached target Login Prompts.
[[0;32m  OK  [0m] Started System Logging Service.
[[0;32m  OK  [0m] Started Set console scheme.
[[0;32m  OK  [0m] Started LSB: daemon to balance interrupts for SMP systems.
[[0;32m  OK  [0m] Started Virtualbox guest utils.
         Starting Authenticate and Authorize Users to Run Privileged Tasks...
[[0;32m  OK  [0m] Started Authenticate and Authorize Users to Run Privileged Tasks.
[[0;32m  OK  [0m] Started Accounts Service.
[[0;32m  OK  [0m] Started Pollinate to seed the pseudo random number generator.
         Starting OpenBSD Secure Shell server...
[[0;32m  OK  [0m] Started OpenBSD Secure Shell server.
[[0;32m  OK  [0m] Started LXD - container startup/shutdown.
[[0;32m  OK  [0m] Started Snap Daemon.
         Starting Wait until snapd is fully seeded...

Ubuntu 16.04.7 LTS ubuntu-xenial ttyS0

ubuntu-xenial login: [  658.355014] cloud-init[1303]: Generating locales (this might take a while)...
[  659.513971] cloud-init[1303]:   en_US.UTF-8... done
[  659.520539] cloud-init[1303]: Generation complete.
[  660.904406] cloud-init[1303]: Cloud-init v. 21.1-19-gbad84ad4-0ubuntu1~16.04.2 running 'modules:config' at Sun, 31 Jul 2022 23:46:14 +0000. Up 658.18 seconds.
ci-info: no authorized SSH keys fingerprints found for user ubuntu.
<14>Jul 31 23:46:17 ec2: 
<14>Jul 31 23:46:17 ec2: #############################################################
<14>Jul 31 23:46:17 ec2: -----BEGIN SSH HOST KEY FINGERPRINTS-----
<14>Jul 31 23:46:17 ec2: 1024 SHA256:v48v0bsv8E7KxXyrUe0gOJVrC3/DwKKd2rEhEnIhaaA root@ubuntu-xenial (DSA)
<14>Jul 31 23:46:17 ec2: 256 SHA256:a7v93HzBNEt9aw+v7XHFl3evqCN/201CEdBiWKjx2Us root@ubuntu-xenial (ECDSA)
<14>Jul 31 23:46:17 ec2: 256 SHA256:8PQe9uidjj15HzYdZH+ha9SSHEdADAOhjf+AtWF+fQA root@ubuntu-xenial (ED25519)
<14>Jul 31 23:46:17 ec2: 2048 SHA256:tK5AgCEFAPOAbUUNcL3LmMx51NmHzmqaWjxYoTbtFCQ root@ubuntu-xenial (RSA)
<14>Jul 31 23:46:17 ec2: -----END SSH HOST KEY FINGERPRINTS-----
<14>Jul 31 23:46:17 ec2: #############################################################
-----BEGIN SSH HOST KEY KEYS-----
ecdsa-sha2-nistp256 AAAAE2VjZHNhLXNoYTItbmlzdHAyNTYAAAAIbmlzdHAyNTYAAABBBDo5XJ/6hznASVG+AmE3/Uht99ZC2Qq2GVx8qidaM0kyHY2hDNWgGejDdzfGbpSodTgpkcv60PPYOU+ot0Sx/xc= root@ubuntu-xenial
ssh-ed25519 AAAAC3NzaC1lZDI1NTE5AAAAIKStUunF+bvf57mgDLYRz+MyxN+cG3snsxXxRtXJv4s4 root@ubuntu-xenial
ssh-rsa AAAAB3NzaC1yc2EAAAADAQABAAABAQC/COYefFfOgd0dB4vLFRi2iK4Ofru3w0D6rtr8qzojSrXmGoYFtkWj+LSCG4EpVmY9A12uWoBV41wNPAF3uq9RAHkZl2kw1Pu8aGvuXClafvQ6VQ5Jj7sv5xYCwL6U9W0qu0wX4RvUyiSGyQXUOOR9bGTxIm3pWIMT9tZyN7pf6PDYUDk8ktr7jKhiB8N+Q5ALp8/7Mk3W6Y8ziJ4ubRf4DCLt/5l9elsA5VLz8MQBdwgO8bufZIe4LRRYQWhlkxEMxibdTnBkbO9T9/ka1jfnqv0cO1Cx6cu5RIprE7p78WJx5uypj/TF/Y/NRnegsCbEQmH8Nm3a4FSXhGp1j01n root@ubuntu-xenial
-----END SSH HOST KEY KEYS-----
[  661.469941] cloud-init[1352]: Cloud-init v. 21.1-19-gbad84ad4-0ubuntu1~16.04.2 running 'modules:final' at Sun, 31 Jul 2022 23:46:17 +0000. Up 661.18 seconds.
[  661.478591] cloud-init[1352]: ci-info: no authorized SSH keys fingerprints found for user ubuntu.
[  661.485571] cloud-init[1352]: Cloud-init v. 21.1-19-gbad84ad4-0ubuntu1~16.04.2 finished at Sun, 31 Jul 2022 23:46:17 +0000. Datasource DataSourceNoCloud [seed=/dev/sdb][dsmode=net].  Up 661.41 seconds
